2019-11-29 16:21:56,780 - D:\Python36\lib\site-packages\urllib3\connectionpool.py[line:813] - DEBUG: Starting new HTTPS connection (1): aip.baidubce.com:443
2019-11-29 16:21:57,263 - D:\Python36\lib\site-packages\urllib3\connectionpool.py[line:393] - DEBUG: https://aip.baidubce.com:443 "GET /oauth/2.0/token?grant_type=client_credentials&client_id=QsPydlU5sEAp3Wq9G1pslB5j&client_secret=CyvQ4XGLT2Eq9U8mRlpEB8z3GQrIe2Il HTTP/1.1" 200 None
2019-11-29 16:21:57,266 - D:\Python36\lib\site-packages\urllib3\connectionpool.py[line:813] - DEBUG: Starting new HTTPS connection (1): aip.baidubce.com:443
2019-11-29 16:21:58,321 - D:\Python36\lib\site-packages\urllib3\connectionpool.py[line:393] - DEBUG: https://aip.baidubce.com:443 "POST /rest/2.0/face/v3/detect?access_token=24.8fa3a854b6ac385ffedfb0832ed4cb19.2592000.1577607718.282335-17753712&aipSdk=python&aipVersion=2_2_15 HTTP/1.1" 200 247
2019-11-29 16:21:59,332 - D:\Python36\lib\site-packages\urllib3\connectionpool.py[line:813] - DEBUG: Starting new HTTPS connection (1): aip.baidubce.com:443
2019-11-29 16:22:00,648 - D:\Python36\lib\site-packages\urllib3\connectionpool.py[line:393] - DEBUG: https://aip.baidubce.com:443 "POST /rest/2.0/face/v3/detect?access_token=24.8fa3a854b6ac385ffedfb0832ed4cb19.2592000.1577607718.282335-17753712&aipSdk=python&aipVersion=2_2_15 HTTP/1.1" 200 None
2019-11-29 16:22:00,671 - D:\Python36\lib\site-packages\urllib3\connectionpool.py[line:813] - DEBUG: Starting new HTTPS connection (1): aip.baidubce.com:443
2019-11-29 16:22:00,977 - D:\Python36\lib\site-packages\urllib3\connectionpool.py[line:393] - DEBUG: https://aip.baidubce.com:443 "GET /oauth/2.0/token?grant_type=client_credentials&client_id=QsPydlU5sEAp3Wq9G1pslB5j&client_secret=CyvQ4XGLT2Eq9U8mRlpEB8z3GQrIe2Il HTTP/1.1" 200 None
2019-11-29 16:22:00,979 - D:\Python36\lib\site-packages\urllib3\connectionpool.py[line:813] - DEBUG: Starting new HTTPS connection (1): aip.baidubce.com:443
2019-11-29 16:22:02,405 - D:\Python36\lib\site-packages\urllib3\connectionpool.py[line:393] - DEBUG: https://aip.baidubce.com:443 "POST /rest/2.0/face/v3/detect?access_token=24.f3d6f4dd61e4efd6f5538807654563c0.2592000.1577607722.282335-17753712&aipSdk=python&aipVersion=2_2_15 HTTP/1.1" 200 253
2019-11-29 16:22:03,418 - D:\Python36\lib\site-packages\urllib3\connectionpool.py[line:813] - DEBUG: Starting new HTTPS connection (1): aip.baidubce.com:443
2019-11-29 16:22:04,919 - D:\Python36\lib\site-packages\urllib3\connectionpool.py[line:393] - DEBUG: https://aip.baidubce.com:443 "POST /rest/2.0/face/v3/detect?access_token=24.f3d6f4dd61e4efd6f5538807654563c0.2592000.1577607722.282335-17753712&aipSdk=python&aipVersion=2_2_15 HTTP/1.1" 200 None
2019-11-29 16:22:04,944 - D:\Python36\lib\site-packages\urllib3\connectionpool.py[line:813] - DEBUG: Starting new HTTPS connection (1): aip.baidubce.com:443
2019-11-29 16:22:05,360 - D:\Python36\lib\site-packages\urllib3\connectionpool.py[line:393] - DEBUG: https://aip.baidubce.com:443 "GET /oauth/2.0/token?grant_type=client_credentials&client_id=QsPydlU5sEAp3Wq9G1pslB5j&client_secret=CyvQ4XGLT2Eq9U8mRlpEB8z3GQrIe2Il HTTP/1.1" 200 None
2019-11-29 16:22:05,362 - D:\Python36\lib\site-packages\urllib3\connectionpool.py[line:813] - DEBUG: Starting new HTTPS connection (1): aip.baidubce.com:443
2019-11-29 16:22:06,775 - D:\Python36\lib\site-packages\urllib3\connectionpool.py[line:393] - DEBUG: https://aip.baidubce.com:443 "POST /rest/2.0/face/v3/detect?access_token=24.f28510879dbc2f285b124f661208cdd9.2592000.1577607726.282335-17753712&aipSdk=python&aipVersion=2_2_15 HTTP/1.1" 200 253
2019-11-29 16:22:07,789 - D:\Python36\lib\site-packages\urllib3\connectionpool.py[line:813] - DEBUG: Starting new HTTPS connection (1): aip.baidubce.com:443
2019-11-29 16:22:09,403 - D:\Python36\lib\site-packages\urllib3\connectionpool.py[line:393] - DEBUG: https://aip.baidubce.com:443 "POST /rest/2.0/face/v3/detect?access_token=24.f28510879dbc2f285b124f661208cdd9.2592000.1577607726.282335-17753712&aipSdk=python&aipVersion=2_2_15 HTTP/1.1" 200 None
2019-11-29 16:22:09,425 - D:\Python36\lib\site-packages\urllib3\connectionpool.py[line:813] - DEBUG: Starting new HTTPS connection (1): aip.baidubce.com:443
2019-11-29 16:22:09,580 - D:\Python36\lib\site-packages\urllib3\connectionpool.py[line:393] - DEBUG: https://aip.baidubce.com:443 "GET /oauth/2.0/token?grant_type=client_credentials&client_id=QsPydlU5sEAp3Wq9G1pslB5j&client_secret=CyvQ4XGLT2Eq9U8mRlpEB8z3GQrIe2Il HTTP/1.1" 200 None
2019-11-29 16:22:09,582 - D:\Python36\lib\site-packages\urllib3\connectionpool.py[line:813] - DEBUG: Starting new HTTPS connection (1): aip.baidubce.com:443
2019-11-29 16:22:10,953 - D:\Python36\lib\site-packages\urllib3\connectionpool.py[line:393] - DEBUG: https://aip.baidubce.com:443 "POST /rest/2.0/face/v3/detect?access_token=24.4413918e86959a4438257ba7c5a16648.2592000.1577607731.282335-17753712&aipSdk=python&aipVersion=2_2_15 HTTP/1.1" 200 252
2019-11-29 16:22:11,966 - D:\Python36\lib\site-packages\urllib3\connectionpool.py[line:813] - DEBUG: Starting new HTTPS connection (1): aip.baidubce.com:443
2019-11-29 16:22:13,301 - D:\Python36\lib\site-packages\urllib3\connectionpool.py[line:393] - DEBUG: https://aip.baidubce.com:443 "POST /rest/2.0/face/v3/detect?access_token=24.4413918e86959a4438257ba7c5a16648.2592000.1577607731.282335-17753712&aipSdk=python&aipVersion=2_2_15 HTTP/1.1" 200 None
2019-11-29 16:22:13,315 - D:\Python36\lib\site-packages\urllib3\connectionpool.py[line:813] - DEBUG: Starting new HTTPS connection (1): aip.baidubce.com:443
2019-11-29 16:22:13,362 - D:\Python36\lib\site-packages\urllib3\connectionpool.py[line:393] - DEBUG: https://aip.baidubce.com:443 "GET /oauth/2.0/token?grant_type=client_credentials&client_id=QsPydlU5sEAp3Wq9G1pslB5j&client_secret=CyvQ4XGLT2Eq9U8mRlpEB8z3GQrIe2Il HTTP/1.1" 200 None
2019-11-29 16:22:13,365 - D:\Python36\lib\site-packages\urllib3\connectionpool.py[line:813] - DEBUG: Starting new HTTPS connection (1): aip.baidubce.com:443
2019-11-29 16:22:14,095 - D:\Python36\lib\site-packages\urllib3\connectionpool.py[line:393] - DEBUG: https://aip.baidubce.com:443 "POST /rest/2.0/face/v3/detect?access_token=24.f3d4af08b20be7bf45e19c552c530a16.2592000.1577607734.282335-17753712&aipSdk=python&aipVersion=2_2_15 HTTP/1.1" 200 253
2019-11-29 16:22:15,103 - D:\Python36\lib\site-packages\urllib3\connectionpool.py[line:813] - DEBUG: Starting new HTTPS connection (1): aip.baidubce.com:443
2019-11-29 16:22:15,958 - D:\Python36\lib\site-packages\urllib3\connectionpool.py[line:393] - DEBUG: https://aip.baidubce.com:443 "POST /rest/2.0/face/v3/detect?access_token=24.f3d4af08b20be7bf45e19c552c530a16.2592000.1577607734.282335-17753712&aipSdk=python&aipVersion=2_2_15 HTTP/1.1" 200 None
2019-11-29 16:22:15,969 - D:\Python36\lib\site-packages\urllib3\connectionpool.py[line:813] - DEBUG: Starting new HTTPS connection (1): aip.baidubce.com:443
2019-11-29 16:22:16,138 - D:\Python36\lib\site-packages\urllib3\connectionpool.py[line:393] - DEBUG: https://aip.baidubce.com:443 "GET /oauth/2.0/token?grant_type=client_credentials&client_id=QsPydlU5sEAp3Wq9G1pslB5j&client_secret=CyvQ4XGLT2Eq9U8mRlpEB8z3GQrIe2Il HTTP/1.1" 200 None
2019-11-29 16:22:16,155 - D:\Python36\lib\site-packages\urllib3\connectionpool.py[line:813] - DEBUG: Starting new HTTPS connection (1): aip.baidubce.com:443
2019-11-29 16:22:16,820 - D:\Python36\lib\site-packages\urllib3\connectionpool.py[line:393] - DEBUG: https://aip.baidubce.com:443 "POST /rest/2.0/face/v3/detect?access_token=24.f35fcca693b8c72325d6c0824fb823bb.2592000.1577607737.282335-17753712&aipSdk=python&aipVersion=2_2_15 HTTP/1.1" 200 249
2019-11-29 16:22:17,826 - D:\Python36\lib\site-packages\urllib3\connectionpool.py[line:813] - DEBUG: Starting new HTTPS connection (1): aip.baidubce.com:443
2019-11-29 16:22:18,594 - D:\Python36\lib\site-packages\urllib3\connectionpool.py[line:393] - DEBUG: https://aip.baidubce.com:443 "POST /rest/2.0/face/v3/detect?access_token=24.f35fcca693b8c72325d6c0824fb823bb.2592000.1577607737.282335-17753712&aipSdk=python&aipVersion=2_2_15 HTTP/1.1" 200 None
2019-11-29 16:22:18,607 - D:\Python36\lib\site-packages\urllib3\connectionpool.py[line:813] - DEBUG: Starting new HTTPS connection (1): aip.baidubce.com:443
2019-11-29 16:22:19,292 - D:\Python36\lib\site-packages\urllib3\connectionpool.py[line:393] - DEBUG: https://aip.baidubce.com:443 "GET /oauth/2.0/token?grant_type=client_credentials&client_id=QsPydlU5sEAp3Wq9G1pslB5j&client_secret=CyvQ4XGLT2Eq9U8mRlpEB8z3GQrIe2Il HTTP/1.1" 200 None
2019-11-29 16:22:19,307 - D:\Python36\lib\site-packages\urllib3\connectionpool.py[line:813] - DEBUG: Starting new HTTPS connection (1): aip.baidubce.com:443
2019-11-29 16:22:20,512 - D:\Python36\lib\site-packages\urllib3\connectionpool.py[line:393] - DEBUG: https://aip.baidubce.com:443 "POST /rest/2.0/face/v3/detect?access_token=24.22f60d7340d63f25dc825148defb2db6.2592000.1577607740.282335-17753712&aipSdk=python&aipVersion=2_2_15 HTTP/1.1" 200 249
2019-11-29 16:22:21,520 - D:\Python36\lib\site-packages\urllib3\connectionpool.py[line:813] - DEBUG: Starting new HTTPS connection (1): aip.baidubce.com:443
2019-11-29 16:22:22,381 - D:\Python36\lib\site-packages\urllib3\connectionpool.py[line:393] - DEBUG: https://aip.baidubce.com:443 "POST /rest/2.0/face/v3/detect?access_token=24.22f60d7340d63f25dc825148defb2db6.2592000.1577607740.282335-17753712&aipSdk=python&aipVersion=2_2_15 HTTP/1.1" 200 None
2019-11-29 16:22:22,392 - D:\Python36\lib\site-packages\urllib3\connectionpool.py[line:813] - DEBUG: Starting new HTTPS connection (1): aip.baidubce.com:443
2019-11-29 16:22:22,653 - D:\Python36\lib\site-packages\urllib3\connectionpool.py[line:393] - DEBUG: https://aip.baidubce.com:443 "GET /oauth/2.0/token?grant_type=client_credentials&client_id=QsPydlU5sEAp3Wq9G1pslB5j&client_secret=CyvQ4XGLT2Eq9U8mRlpEB8z3GQrIe2Il HTTP/1.1" 200 None
2019-11-29 16:22:22,655 - D:\Python36\lib\site-packages\urllib3\connectionpool.py[line:813] - DEBUG: Starting new HTTPS connection (1): aip.baidubce.com:443
2019-11-29 16:22:23,817 - D:\Python36\lib\site-packages\urllib3\connectionpool.py[line:393] - DEBUG: https://aip.baidubce.com:443 "POST /rest/2.0/face/v3/detect?access_token=24.9d7174b8830952780870e452b6bc2ae8.2592000.1577607744.282335-17753712&aipSdk=python&aipVersion=2_2_15 HTTP/1.1" 200 256
2019-11-29 16:22:24,826 - D:\Python36\lib\site-packages\urllib3\connectionpool.py[line:813] - DEBUG: Starting new HTTPS connection (1): aip.baidubce.com:443
2019-11-29 16:22:25,767 - D:\Python36\lib\site-packages\urllib3\connectionpool.py[line:393] - DEBUG: https://aip.baidubce.com:443 "POST /rest/2.0/face/v3/detect?access_token=24.9d7174b8830952780870e452b6bc2ae8.2592000.1577607744.282335-17753712&aipSdk=python&aipVersion=2_2_15 HTTP/1.1" 200 None
2019-11-29 16:22:25,792 - D:\Python36\lib\site-packages\urllib3\connectionpool.py[line:813] - DEBUG: Starting new HTTPS connection (1): aip.baidubce.com:443
2019-11-29 16:22:25,899 - D:\Python36\lib\site-packages\urllib3\connectionpool.py[line:393] - DEBUG: https://aip.baidubce.com:443 "GET /oauth/2.0/token?grant_type=client_credentials&client_id=QsPydlU5sEAp3Wq9G1pslB5j&client_secret=CyvQ4XGLT2Eq9U8mRlpEB8z3GQrIe2Il HTTP/1.1" 200 None
2019-11-29 16:22:25,902 - D:\Python36\lib\site-packages\urllib3\connectionpool.py[line:813] - DEBUG: Starting new HTTPS connection (1): aip.baidubce.com:443
2019-11-29 16:22:27,334 - D:\Python36\lib\site-packages\urllib3\connectionpool.py[line:393] - DEBUG: https://aip.baidubce.com:443 "POST /rest/2.0/face/v3/detect?access_token=24.e0652ee7f06b4ab8a167f6951401ce04.2592000.1577607747.282335-17753712&aipSdk=python&aipVersion=2_2_15 HTTP/1.1" 200 253
2019-11-29 16:22:28,348 - D:\Python36\lib\site-packages\urllib3\connectionpool.py[line:813] - DEBUG: Starting new HTTPS connection (1): aip.baidubce.com:443
2019-11-29 16:22:30,267 - D:\Python36\lib\site-packages\urllib3\connectionpool.py[line:393] - DEBUG: https://aip.baidubce.com:443 "POST /rest/2.0/face/v3/detect?access_token=24.e0652ee7f06b4ab8a167f6951401ce04.2592000.1577607747.282335-17753712&aipSdk=python&aipVersion=2_2_15 HTTP/1.1" 200 None
2019-11-29 16:22:30,286 - D:\Python36\lib\site-packages\urllib3\connectionpool.py[line:813] - DEBUG: Starting new HTTPS connection (1): aip.baidubce.com:443
2019-11-29 16:22:30,481 - D:\Python36\lib\site-packages\urllib3\connectionpool.py[line:393] - DEBUG: https://aip.baidubce.com:443 "GET /oauth/2.0/token?grant_type=client_credentials&client_id=QsPydlU5sEAp3Wq9G1pslB5j&client_secret=CyvQ4XGLT2Eq9U8mRlpEB8z3GQrIe2Il HTTP/1.1" 200 None
2019-11-29 16:22:30,484 - D:\Python36\lib\site-packages\urllib3\connectionpool.py[line:813] - DEBUG: Starting new HTTPS connection (1): aip.baidubce.com:443
2019-11-29 16:22:31,652 - D:\Python36\lib\site-packages\urllib3\connectionpool.py[line:393] - DEBUG: https://aip.baidubce.com:443 "POST /rest/2.0/face/v3/detect?access_token=24.1bcb7c01e46f7e3b82adc8f56acbc701.2592000.1577607752.282335-17753712&aipSdk=python&aipVersion=2_2_15 HTTP/1.1" 200 251
2019-11-29 16:22:32,664 - D:\Python36\lib\site-packages\urllib3\connectionpool.py[line:813] - DEBUG: Starting new HTTPS connection (1): aip.baidubce.com:443
2019-11-29 16:22:33,744 - D:\Python36\lib\site-packages\urllib3\connectionpool.py[line:393] - DEBUG: https://aip.baidubce.com:443 "POST /rest/2.0/face/v3/detect?access_token=24.1bcb7c01e46f7e3b82adc8f56acbc701.2592000.1577607752.282335-17753712&aipSdk=python&aipVersion=2_2_15 HTTP/1.1" 200 None
2019-11-29 16:22:33,767 - D:\Python36\lib\site-packages\urllib3\connectionpool.py[line:813] - DEBUG: Starting new HTTPS connection (1): aip.baidubce.com:443
2019-11-29 16:22:33,957 - D:\Python36\lib\site-packages\urllib3\connectionpool.py[line:393] - DEBUG: https://aip.baidubce.com:443 "GET /oauth/2.0/token?grant_type=client_credentials&client_id=QsPydlU5sEAp3Wq9G1pslB5j&client_secret=CyvQ4XGLT2Eq9U8mRlpEB8z3GQrIe2Il HTTP/1.1" 200 None
2019-11-29 16:22:33,959 - D:\Python36\lib\site-packages\urllib3\connectionpool.py[line:813] - DEBUG: Starting new HTTPS connection (1): aip.baidubce.com:443
2019-11-29 16:22:34,828 - D:\Python36\lib\site-packages\urllib3\connectionpool.py[line:393] - DEBUG: https://aip.baidubce.com:443 "POST /rest/2.0/face/v3/detect?access_token=24.8abefb3f7c79e73fd082c718b2336a20.2592000.1577607755.282335-17753712&aipSdk=python&aipVersion=2_2_15 HTTP/1.1" 200 254
2019-11-29 16:22:35,835 - D:\Python36\lib\site-packages\urllib3\connectionpool.py[line:813] - DEBUG: Starting new HTTPS connection (1): aip.baidubce.com:443
2019-11-29 16:22:36,634 - D:\Python36\lib\site-packages\urllib3\connectionpool.py[line:393] - DEBUG: https://aip.baidubce.com:443 "POST /rest/2.0/face/v3/detect?access_token=24.8abefb3f7c79e73fd082c718b2336a20.2592000.1577607755.282335-17753712&aipSdk=python&aipVersion=2_2_15 HTTP/1.1" 200 None
2019-11-29 16:22:36,645 - D:\Python36\lib\site-packages\urllib3\connectionpool.py[line:813] - DEBUG: Starting new HTTPS connection (1): aip.baidubce.com:443
2019-11-29 16:22:36,744 - D:\Python36\lib\site-packages\urllib3\connectionpool.py[line:393] - DEBUG: https://aip.baidubce.com:443 "GET /oauth/2.0/token?grant_type=client_credentials&client_id=QsPydlU5sEAp3Wq9G1pslB5j&client_secret=CyvQ4XGLT2Eq9U8mRlpEB8z3GQrIe2Il HTTP/1.1" 200 None
2019-11-29 16:22:36,746 - D:\Python36\lib\site-packages\urllib3\connectionpool.py[line:813] - DEBUG: Starting new HTTPS connection (1): aip.baidubce.com:443
2019-11-29 16:22:37,588 - D:\Python36\lib\site-packages\urllib3\connectionpool.py[line:393] - DEBUG: https://aip.baidubce.com:443 "POST /rest/2.0/face/v3/detect?access_token=24.15f06ec765050bb2d7384ac3a93e7ccd.2592000.1577607758.282335-17753712&aipSdk=python&aipVersion=2_2_15 HTTP/1.1" 200 252
2019-11-29 16:22:38,594 - D:\Python36\lib\site-packages\urllib3\connectionpool.py[line:813] - DEBUG: Starting new HTTPS connection (1): aip.baidubce.com:443
2019-11-29 16:22:39,594 - D:\Python36\lib\site-packages\urllib3\connectionpool.py[line:393] - DEBUG: https://aip.baidubce.com:443 "POST /rest/2.0/face/v3/detect?access_token=24.15f06ec765050bb2d7384ac3a93e7ccd.2592000.1577607758.282335-17753712&aipSdk=python&aipVersion=2_2_15 HTTP/1.1" 200 None
2019-11-29 16:22:39,608 - D:\Python36\lib\site-packages\urllib3\connectionpool.py[line:813] - DEBUG: Starting new HTTPS connection (1): aip.baidubce.com:443
2019-11-29 16:22:39,679 - D:\Python36\lib\site-packages\urllib3\connectionpool.py[line:393] - DEBUG: https://aip.baidubce.com:443 "GET /oauth/2.0/token?grant_type=client_credentials&client_id=QsPydlU5sEAp3Wq9G1pslB5j&client_secret=CyvQ4XGLT2Eq9U8mRlpEB8z3GQrIe2Il HTTP/1.1" 200 None
2019-11-29 16:22:39,681 - D:\Python36\lib\site-packages\urllib3\connectionpool.py[line:813] - DEBUG: Starting new HTTPS connection (1): aip.baidubce.com:443
2019-11-29 16:22:40,498 - D:\Python36\lib\site-packages\urllib3\connectionpool.py[line:393] - DEBUG: https://aip.baidubce.com:443 "POST /rest/2.0/face/v3/detect?access_token=24.f4d34d05590a96e649551fc853368b07.2592000.1577607761.282335-17753712&aipSdk=python&aipVersion=2_2_15 HTTP/1.1" 200 251
2019-11-29 16:22:41,507 - D:\Python36\lib\site-packages\urllib3\connectionpool.py[line:813] - DEBUG: Starting new HTTPS connection (1): aip.baidubce.com:443
2019-11-29 16:22:42,493 - D:\Python36\lib\site-packages\urllib3\connectionpool.py[line:393] - DEBUG: https://aip.baidubce.com:443 "POST /rest/2.0/face/v3/detect?access_token=24.f4d34d05590a96e649551fc853368b07.2592000.1577607761.282335-17753712&aipSdk=python&aipVersion=2_2_15 HTTP/1.1" 200 None
2019-11-29 16:22:42,512 - D:\Python36\lib\site-packages\urllib3\connectionpool.py[line:813] - DEBUG: Starting new HTTPS connection (1): aip.baidubce.com:443
2019-11-29 16:22:42,581 - D:\Python36\lib\site-packages\urllib3\connectionpool.py[line:393] - DEBUG: https://aip.baidubce.com:443 "GET /oauth/2.0/token?grant_type=client_credentials&client_id=QsPydlU5sEAp3Wq9G1pslB5j&client_secret=CyvQ4XGLT2Eq9U8mRlpEB8z3GQrIe2Il HTTP/1.1" 200 None
2019-11-29 16:22:42,583 - D:\Python36\lib\site-packages\urllib3\connectionpool.py[line:813] - DEBUG: Starting new HTTPS connection (1): aip.baidubce.com:443
2019-11-29 16:22:43,415 - D:\Python36\lib\site-packages\urllib3\connectionpool.py[line:393] - DEBUG: https://aip.baidubce.com:443 "POST /rest/2.0/face/v3/detect?access_token=24.f126392d093f41564c1c79fd12bb8fe8.2592000.1577607764.282335-17753712&aipSdk=python&aipVersion=2_2_15 HTTP/1.1" 200 253
2019-11-29 16:22:44,426 - D:\Python36\lib\site-packages\urllib3\connectionpool.py[line:813] - DEBUG: Starting new HTTPS connection (1): aip.baidubce.com:443
2019-11-29 16:22:45,256 - D:\Python36\lib\site-packages\urllib3\connectionpool.py[line:393] - DEBUG: https://aip.baidubce.com:443 "POST /rest/2.0/face/v3/detect?access_token=24.f126392d093f41564c1c79fd12bb8fe8.2592000.1577607764.282335-17753712&aipSdk=python&aipVersion=2_2_15 HTTP/1.1" 200 None
2019-11-29 16:22:45,266 - D:\Python36\lib\site-packages\urllib3\connectionpool.py[line:813] - DEBUG: Starting new HTTPS connection (1): aip.baidubce.com:443
2019-11-29 16:22:45,316 - D:\Python36\lib\site-packages\urllib3\connectionpool.py[line:393] - DEBUG: https://aip.baidubce.com:443 "GET /oauth/2.0/token?grant_type=client_credentials&client_id=QsPydlU5sEAp3Wq9G1pslB5j&client_secret=CyvQ4XGLT2Eq9U8mRlpEB8z3GQrIe2Il HTTP/1.1" 200 None
2019-11-29 16:22:45,318 - D:\Python36\lib\site-packages\urllib3\connectionpool.py[line:813] - DEBUG: Starting new HTTPS connection (1): aip.baidubce.com:443
2019-11-29 16:22:45,902 - D:\Python36\lib\site-packages\urllib3\connectionpool.py[line:393] - DEBUG: https://aip.baidubce.com:443 "POST /rest/2.0/face/v3/detect?access_token=24.f885ab352d71f47f840d0ab7b72ce5d8.2592000.1577607766.282335-17753712&aipSdk=python&aipVersion=2_2_15 HTTP/1.1" 200 254
2019-11-29 16:22:46,907 - D:\Python36\lib\site-packages\urllib3\connectionpool.py[line:813] - DEBUG: Starting new HTTPS connection (1): aip.baidubce.com:443
2019-11-29 16:22:47,980 - D:\Python36\lib\site-packages\urllib3\connectionpool.py[line:393] - DEBUG: https://aip.baidubce.com:443 "POST /rest/2.0/face/v3/detect?access_token=24.f885ab352d71f47f840d0ab7b72ce5d8.2592000.1577607766.282335-17753712&aipSdk=python&aipVersion=2_2_15 HTTP/1.1" 200 None
2019-11-29 16:22:47,992 - D:\Python36\lib\site-packages\urllib3\connectionpool.py[line:813] - DEBUG: Starting new HTTPS connection (1): aip.baidubce.com:443
2019-11-29 16:22:48,061 - D:\Python36\lib\site-packages\urllib3\connectionpool.py[line:393] - DEBUG: https://aip.baidubce.com:443 "GET /oauth/2.0/token?grant_type=client_credentials&client_id=QsPydlU5sEAp3Wq9G1pslB5j&client_secret=CyvQ4XGLT2Eq9U8mRlpEB8z3GQrIe2Il HTTP/1.1" 200 None
2019-11-29 16:22:48,063 - D:\Python36\lib\site-packages\urllib3\connectionpool.py[line:813] - DEBUG: Starting new HTTPS connection (1): aip.baidubce.com:443
2019-11-29 16:22:48,865 - D:\Python36\lib\site-packages\urllib3\connectionpool.py[line:393] - DEBUG: https://aip.baidubce.com:443 "POST /rest/2.0/face/v3/detect?access_token=24.f9aaac890809b0572ba09103572c1dd1.2592000.1577607769.282335-17753712&aipSdk=python&aipVersion=2_2_15 HTTP/1.1" 200 248
2019-11-29 16:22:49,875 - D:\Python36\lib\site-packages\urllib3\connectionpool.py[line:813] - DEBUG: Starting new HTTPS connection (1): aip.baidubce.com:443
2019-11-29 16:22:50,588 - D:\Python36\lib\site-packages\urllib3\connectionpool.py[line:393] - DEBUG: https://aip.baidubce.com:443 "POST /rest/2.0/face/v3/detect?access_token=24.f9aaac890809b0572ba09103572c1dd1.2592000.1577607769.282335-17753712&aipSdk=python&aipVersion=2_2_15 HTTP/1.1" 200 None
2019-11-29 16:22:50,608 - baiduScraping.py[line:67] - DEBUG: []
2019-12-12 19:58:00,336 - D:\Python36\lib\site-packages\urllib3\connectionpool.py[line:813] - DEBUG: Starting new HTTPS connection (1): aip.baidubce.com:443
2019-12-12 19:58:00,748 - D:\Python36\lib\site-packages\urllib3\connectionpool.py[line:393] - DEBUG: https://aip.baidubce.com:443 "GET /oauth/2.0/token?grant_type=client_credentials&client_id=QsPydlU5sEAp3Wq9G1pslB5j&client_secret=CyvQ4XGLT2Eq9U8mRlpEB8z3GQrIe2Il HTTP/1.1" 200 None
2019-12-12 19:58:00,752 - D:\Python36\lib\site-packages\urllib3\connectionpool.py[line:813] - DEBUG: Starting new HTTPS connection (1): aip.baidubce.com:443
2019-12-12 19:58:01,032 - D:\Python36\lib\site-packages\urllib3\connectionpool.py[line:393] - DEBUG: https://aip.baidubce.com:443 "POST /rest/2.0/face/v3/detect?access_token=24.3628b4c0027219b9638102cef47bb0bb.2592000.1578743882.282335-17753712&aipSdk=python&aipVersion=2_2_15 HTTP/1.1" 200 256
2019-12-12 19:58:02,035 - D:\Python36\lib\site-packages\urllib3\connectionpool.py[line:813] - DEBUG: Starting new HTTPS connection (1): aip.baidubce.com:443
2019-12-12 19:58:02,292 - D:\Python36\lib\site-packages\urllib3\connectionpool.py[line:393] - DEBUG: https://aip.baidubce.com:443 "POST /rest/2.0/face/v3/detect?access_token=24.3628b4c0027219b9638102cef47bb0bb.2592000.1578743882.282335-17753712&aipSdk=python&aipVersion=2_2_15 HTTP/1.1" 200 None
2019-12-12 19:58:02,296 - D:\Python36\lib\site-packages\urllib3\connectionpool.py[line:813] - DEBUG: Starting new HTTPS connection (1): aip.baidubce.com:443
2019-12-12 19:58:02,350 - D:\Python36\lib\site-packages\urllib3\connectionpool.py[line:393] - DEBUG: https://aip.baidubce.com:443 "GET /oauth/2.0/token?grant_type=client_credentials&client_id=QsPydlU5sEAp3Wq9G1pslB5j&client_secret=CyvQ4XGLT2Eq9U8mRlpEB8z3GQrIe2Il HTTP/1.1" 200 None
2019-12-12 19:58:02,352 - D:\Python36\lib\site-packages\urllib3\connectionpool.py[line:813] - DEBUG: Starting new HTTPS connection (1): aip.baidubce.com:443
2019-12-12 19:58:02,614 - D:\Python36\lib\site-packages\urllib3\connectionpool.py[line:393] - DEBUG: https://aip.baidubce.com:443 "POST /rest/2.0/face/v3/detect?access_token=24.4c5603fe23488016ad9b239a054bb0ea.2592000.1578743883.282335-17753712&aipSdk=python&aipVersion=2_2_15 HTTP/1.1" 200 255
2019-12-12 19:58:03,617 - D:\Python36\lib\site-packages\urllib3\connectionpool.py[line:813] - DEBUG: Starting new HTTPS connection (1): aip.baidubce.com:443
2019-12-12 19:58:03,887 - D:\Python36\lib\site-packages\urllib3\connectionpool.py[line:393] - DEBUG: https://aip.baidubce.com:443 "POST /rest/2.0/face/v3/detect?access_token=24.4c5603fe23488016ad9b239a054bb0ea.2592000.1578743883.282335-17753712&aipSdk=python&aipVersion=2_2_15 HTTP/1.1" 200 501
2019-12-12 19:58:03,891 - D:\Python36\lib\site-packages\urllib3\connectionpool.py[line:813] - DEBUG: Starting new HTTPS connection (1): aip.baidubce.com:443
2019-12-12 19:58:03,956 - D:\Python36\lib\site-packages\urllib3\connectionpool.py[line:393] - DEBUG: https://aip.baidubce.com:443 "GET /oauth/2.0/token?grant_type=client_credentials&client_id=QsPydlU5sEAp3Wq9G1pslB5j&client_secret=CyvQ4XGLT2Eq9U8mRlpEB8z3GQrIe2Il HTTP/1.1" 200 None
2019-12-12 19:58:03,959 - D:\Python36\lib\site-packages\urllib3\connectionpool.py[line:813] - DEBUG: Starting new HTTPS connection (1): aip.baidubce.com:443
2019-12-12 19:58:04,206 - D:\Python36\lib\site-packages\urllib3\connectionpool.py[line:393] - DEBUG: https://aip.baidubce.com:443 "POST /rest/2.0/face/v3/detect?access_token=24.06984e98491ad7c6badb81225aa447d0.2592000.1578743885.282335-17753712&aipSdk=python&aipVersion=2_2_15 HTTP/1.1" 200 252
2019-12-12 19:58:05,208 - D:\Python36\lib\site-packages\urllib3\connectionpool.py[line:813] - DEBUG: Starting new HTTPS connection (1): aip.baidubce.com:443
2019-12-12 19:58:05,511 - D:\Python36\lib\site-packages\urllib3\connectionpool.py[line:393] - DEBUG: https://aip.baidubce.com:443 "POST /rest/2.0/face/v3/detect?access_token=24.06984e98491ad7c6badb81225aa447d0.2592000.1578743885.282335-17753712&aipSdk=python&aipVersion=2_2_15 HTTP/1.1" 200 None
2019-12-12 19:58:05,525 - D:\Python36\lib\site-packages\urllib3\connectionpool.py[line:813] - DEBUG: Starting new HTTPS connection (1): aip.baidubce.com:443
2019-12-12 19:58:05,578 - D:\Python36\lib\site-packages\urllib3\connectionpool.py[line:393] - DEBUG: https://aip.baidubce.com:443 "GET /oauth/2.0/token?grant_type=client_credentials&client_id=QsPydlU5sEAp3Wq9G1pslB5j&client_secret=CyvQ4XGLT2Eq9U8mRlpEB8z3GQrIe2Il HTTP/1.1" 200 None
2019-12-12 19:58:05,581 - D:\Python36\lib\site-packages\urllib3\connectionpool.py[line:813] - DEBUG: Starting new HTTPS connection (1): aip.baidubce.com:443
2019-12-12 19:58:06,531 - D:\Python36\lib\site-packages\urllib3\connectionpool.py[line:393] - DEBUG: https://aip.baidubce.com:443 "POST /rest/2.0/face/v3/detect?access_token=24.a75e23c28d8c5dbb90af70d85894d1c8.2592000.1578743887.282335-17753712&aipSdk=python&aipVersion=2_2_15 HTTP/1.1" 200 254
2019-12-12 19:58:07,541 - D:\Python36\lib\site-packages\urllib3\connectionpool.py[line:813] - DEBUG: Starting new HTTPS connection (1): aip.baidubce.com:443
2019-12-12 19:58:08,517 - D:\Python36\lib\site-packages\urllib3\connectionpool.py[line:393] - DEBUG: https://aip.baidubce.com:443 "POST /rest/2.0/face/v3/detect?access_token=24.a75e23c28d8c5dbb90af70d85894d1c8.2592000.1578743887.282335-17753712&aipSdk=python&aipVersion=2_2_15 HTTP/1.1" 200 504
2019-12-12 19:58:08,546 - baiduScraping.py[line:67] - DEBUG: []
